<?xml version="1.0" encoding="UTF-8"?>
<testsuite name="TestSuite" time="2.87" tests="19" errors="0" skipped="0" failures="0">
  <properties>
    <property name="java.runtime.name" value="Java(TM) SE Runtime Environment"/>
    <property name="java.vm.version" value="11.0.11+9-LTS-194"/>
    <property name="sun.boot.library.path" value="C:\Program Files\Java\jdk-11.0.11\bin"/>
    <property name="maven.multiModuleProjectDirectory" value="C:\Users\WaseemS\IdeaProjects\FirstSeleniumTest"/>
    <property name="java.vm.vendor" value="Oracle Corporation"/>
    <property name="java.vendor.url" value="https://openjdk.java.net/"/>
    <property name="guice.disable.misplaced.annotation.check" value="true"/>
    <property name="path.separator" value=";"/>
    <property name="java.vm.name" value="Java HotSpot(TM) 64-Bit Server VM"/>
    <property name="sun.os.patch.level" value=""/>
    <property name="user.script" value=""/>
    <property name="user.country" value="US"/>
    <property name="sun.java.launcher" value="SUN_STANDARD"/>
    <property name="java.vm.specification.name" value="Java Virtual Machine Specification"/>
    <property name="user.dir" value="C:\Users\WaseemS\IdeaProjects\FirstSeleniumTest"/>
    <property name="java.vm.compressedOopsMode" value="Zero based"/>
    <property name="java.runtime.version" value="11.0.11+9-LTS-194"/>
    <property name="java.awt.graphicsenv" value="sun.awt.Win32GraphicsEnvironment"/>
    <property name="os.arch" value="amd64"/>
    <property name="java.io.tmpdir" value="C:\Users\WaseemS\AppData\Local\Temp\"/>
    <property name="line.separator" value="&#10;"/>
    <property name="java.vm.specification.vendor" value="Oracle Corporation"/>
    <property name="user.variant" value=""/>
    <property name="os.name" value="Windows 10"/>
    <property name="classworlds.conf" value="C:\Program Files\apache-maven-3.8.1\bin\..\bin\m2.conf"/>
    <property name="sun.jnu.encoding" value="Cp1252"/>
    <property name="java.library.path" value="C:\Program Files\Java\jdk-11.0.11\bin;C:\Windows\Sun\Java\bin;C:\Windows\system32;C:\Windows;C:\Program Files\Common Files\Oracle\Java\javapath;C:\Windows\system32;C:\Windows;C:\Windows\System32\Wbem;C:\Windows\System32\WindowsPowerShell\v1.0\;C:\Windows\System32\OpenSSH\;C:\Program Files\Git\cmd;&quot;C:\Windows\System32;&quot;;C:\Users\WaseemS\AppData\Local\Programs\Python\Python38\;C:\Program Files\Redis\;C:\Program Files\apache-maven-3.8.1\bin;C:\Users\WaseemS\AppData\Local\Programs\Python\Python38\Scripts\;C:\Users\WaseemS\AppData\Local\Programs\Python\Python38\;C:\Users\WaseemS\AppData\Local\Programs\Python\Launcher\;C:\Users\WaseemS\AppData\Local\Microsoft\WindowsApps;C:\Users\WaseemS\AppData\Local\JetBrains\PyCharm Community Edition 2021.1.3\bin;;C:\Users\WaseemS\AppData\Local\GitHubDesktop\bin;C:\Users\WaseemS\AppData\Local\Programs\Git\cmd;C:\Windows\System32;;C:\Program Files\JetBrains\IntelliJ IDEA Community Edition 2021.2\bin;;."/>
    <property name="maven.conf" value="C:\Program Files\apache-maven-3.8.1\bin\../conf"/>
    <property name="jdk.debug" value="release"/>
    <property name="java.class.version" value="55.0"/>
    <property name="java.specification.name" value="Java Platform API Specification"/>
    <property name="sun.management.compiler" value="HotSpot 64-Bit Tiered Compilers"/>
    <property name="os.version" value="10.0"/>
    <property name="library.jansi.path" value="C:\Program Files\apache-maven-3.8.1\bin\..\lib\jansi-native"/>
    <property name="user.home" value="C:\Users\WaseemS"/>
    <property name="user.timezone" value="Asia/Jerusalem"/>
    <property name="java.awt.printerjob" value="sun.awt.windows.WPrinterJob"/>
    <property name="file.encoding" value="Cp1252"/>
    <property name="java.specification.version" value="11"/>
    <property name="user.name" value="WaseemS"/>
    <property name="java.class.path" value="C:\Program Files\apache-maven-3.8.1\bin\..\boot\plexus-classworlds-2.6.0.jar"/>
    <property name="java.vm.specification.version" value="11"/>
    <property name="sun.arch.data.model" value="64"/>
    <property name="sun.java.command" value="org.codehaus.plexus.classworlds.launcher.Launcher test"/>
    <property name="java.home" value="C:\Program Files\Java\jdk-11.0.11"/>
    <property name="user.language" value="en"/>
    <property name="java.specification.vendor" value="Oracle Corporation"/>
    <property name="awt.toolkit" value="sun.awt.windows.WToolkit"/>
    <property name="java.vm.info" value="mixed mode"/>
    <property name="java.version" value="11.0.11"/>
    <property name="java.vendor" value="Oracle Corporation"/>
    <property name="sun.stderr.encoding" value="cp437"/>
    <property name="maven.home" value="C:\Program Files\apache-maven-3.8.1\bin\.."/>
    <property name="file.separator" value="\"/>
    <property name="java.version.date" value="2021-04-20"/>
    <property name="java.vendor.url.bug" value="https://bugreport.java.com/bugreport/"/>
    <property name="sun.io.unicode.encoding" value="UnicodeLittle"/>
    <property name="sun.cpu.endian" value="little"/>
    <property name="java.vendor.version" value="18.9"/>
    <property name="sun.stdout.encoding" value="cp437"/>
    <property name="sun.desktop" value="windows"/>
    <property name="sun.cpu.isalist" value="amd64"/>
  </properties>
  <testcase name="testNavBarHome" classname="TestHomePage" time="0.083"/>
  <testcase name="testNavBarLogin" classname="TestHomePage" time="0.05"/>
  <testcase name="testPageBodyH1" classname="TestHomePage" time="0.053"/>
  <testcase name="testPageBodyH4" classname="TestHomePage" time="0.048"/>
  <testcase name="testPageTitle" classname="TestHomePage" time="0.005"/>
  <testcase name="testButtonLogin" classname="TestLoginPage" time="0.066"/>
  <testcase name="testButtonClickSignOut" classname="TestInPage" time="0.535"/>
  <testcase name="testFailedLogin" classname="TestLoginPage" time="0.586"/>
  <testcase name="testInEmail" classname="TestInPage" time="0.043"/>
  <testcase name="testInputEmail" classname="TestLoginPage" time="0.067"/>
  <testcase name="testInputPassword" classname="TestLoginPage" time="0.082"/>
  <testcase name="testPageTitle" classname="TestLoginPage" time="0.02"/>
  <testcase name="testNavBarAddresses" classname="TestInPage" time="0.065"/>
  <testcase name="testSuccessLogin" classname="TestLoginPage" time="0.897"/>
  <testcase name="testNavBarHome" classname="TestInPage" time="0.073"/>
  <testcase name="testNavBarSignOut" classname="TestInPage" time="0.062"/>
  <testcase name="testPageBodyH1" classname="TestInPage" time="0.07"/>
  <testcase name="testPageBodyH4" classname="TestInPage" time="0.057"/>
  <testcase name="testPageTitle" classname="TestInPage" time="0.008"/>
</testsuite>