<?xml version="1.0" encoding="UTF-8"?>
<!-- Generated by org.testng.reporters.JUnitReportReporter -->
<testsuite hostname="DESKTOP-0D1NJVN" failures="0" tests="6" name="TestLoginPage" time="55.832" errors="0" timestamp="2021-08-16T10:03:38 IDT" skipped="0">
  <testcase classname="TestLoginPage" name="testButtonLogin" time="27.440"/>
  <system-out/>
  <testcase classname="TestLoginPage" name="testFailedLogin" time="6.598"/>
  <system-out/>
  <testcase classname="TestLoginPage" name="testInputEmail" time="5.432"/>
  <system-out/>
  <testcase classname="TestLoginPage" name="testInputPassword" time="4.458"/>
  <system-out/>
  <testcase classname="TestLoginPage" name="testPageTitle" time="5.169"/>
  <system-out/>
  <testcase classname="TestLoginPage" name="testSuccessLogin" time="6.735"/>
  <system-out/>
</testsuite> <!-- TestLoginPage -->
