<?xml version="1.0" encoding="UTF-8"?>
<!-- Generated by org.testng.reporters.JUnitReportReporter -->
<testsuite hostname="DESKTOP-0D1NJVN" failures="0" tests="8" name="TestInPage" time="87.750" errors="0" timestamp="2021-08-16T10:03:38 IDT" skipped="0">
  <testcase classname="TestInPage" name="testInEmail" time="6.995"/>
  <system-out/>
  <testcase classname="TestInPage" name="testPageBodyH1" time="8.867"/>
  <system-out/>
  <testcase classname="TestInPage" name="testNavBarHome" time="7.535"/>
  <system-out/>
  <testcase classname="TestInPage" name="testPageBodyH4" time="35.565"/>
  <system-out/>
  <testcase classname="TestInPage" name="testButtonClickSignOut" time="8.241"/>
  <system-out/>
  <testcase classname="TestInPage" name="testNavBarAddresses" time="7.096"/>
  <system-out/>
  <testcase classname="TestInPage" name="testNavBarSignOut" time="7.108"/>
  <system-out/>
  <testcase classname="TestInPage" name="testPageTitle" time="6.343"/>
  <system-out/>
</testsuite> <!-- TestInPage -->
