<?xml version="1.0" encoding="UTF-8"?>
<!-- Generated by org.testng.reporters.JUnitReportReporter -->
<testsuite hostname="DESKTOP-0D1NJVN" failures="0" tests="5" name="TestHomePage" time="0.239" errors="0" timestamp="2021-08-16T10:03:38 IDT" skipped="0">
  <testcase classname="TestHomePage" name="testPageTitle" time="0.005"/>
  <system-out/>
  <testcase classname="TestHomePage" name="testNavBarLogin" time="0.050"/>
  <system-out/>
  <testcase classname="TestHomePage" name="testPageBodyH4" time="0.047"/>
  <system-out/>
  <testcase classname="TestHomePage" name="testPageBodyH1" time="0.054"/>
  <system-out/>
  <testcase classname="TestHomePage" name="testNavBarHome" time="0.083"/>
  <system-out/>
</testsuite> <!-- TestHomePage -->
